<?xml version="1.0" encoding="UTF-8"?>
<!-- Generated by org.testng.reporters.JUnitXMLReporter -->
<testsuite ignored="0" hostname="krissh-mbp.notrust.clients.wireless.pfw.edu" failures="0" tests="3" name="Surefire test" time="10.803" errors="0" timestamp="2024-05-18T19:56:09 EDT">
  <testcase classname="homepage.KrisshHomepageTest" name="test1" time="2.179"/>
  <testcase classname="test.HomepageTest" name="test1" time="0.025"/>
  <testcase classname="test.Tests" name="test1" time="0.034"/>
</testsuite> <!-- Surefire test -->
