<?xml version="1.0" encoding="UTF-8"?>
<testng-results ignored="0" total="1" passed="1" failed="0" skipped="0">
  <reporter-output>
  </reporter-output>
  <suite started-at="2024-05-27T13:42:23 EDT" name="Default suite" finished-at="2024-05-27T13:42:25 EDT" duration-ms="1803">
    <groups>
    </groups>
    <test started-at="2024-05-27T13:42:23 EDT" name="Default test" finished-at="2024-05-27T13:42:25 EDT" duration-ms="1803">
      <class name="test.Test">
        <test-method is-config="true" signature="init()[pri:0, instance:test.Test@cc43f62]" started-at="2024-05-27T13:42:23 EDT" name="init" finished-at="2024-05-27T13:42:24 EDT" duration-ms="937" status="PASS">
          <reporter-output>
          </reporter-output>
        </test-method> <!-- init -->
        <test-method signature="test()[pri:0, instance:test.Test@cc43f62]" started-at="2024-05-27T13:42:24 EDT" name="test" finished-at="2024-05-27T13:42:25 EDT" duration-ms="753" status="PASS">
          <reporter-output>
          </reporter-output>
        </test-method> <!-- test -->
        <test-method is-config="true" signature="teardown()[pri:0, instance:test.Test@cc43f62]" started-at="2024-05-27T13:42:25 EDT" name="teardown" finished-at="2024-05-27T13:42:25 EDT" duration-ms="91" status="PASS">
          <reporter-output>
          </reporter-output>
        </test-method> <!-- teardown -->
      </class> <!-- test.Test -->
    </test> <!-- Default test -->
  </suite> <!-- Default suite -->
</testng-results>
