<?xml version="1.0" encoding="UTF-8"?>
<testng-results ignored="0" total="1" passed="1" failed="0" skipped="0">
  <reporter-output>
  </reporter-output>
  <suite started-at="2024-05-19T22:56:08 EDT" name="Default suite" finished-at="2024-05-19T22:56:16 EDT" duration-ms="7795">
    <groups>
      <group name="regression">
        <method signature="HomePageTests.test1()[pri:0, instance:krisshPortfolio.HomePageTests@3e58a80e]" name="test1" class="krisshPortfolio.HomePageTests"/>
      </group> <!-- regression -->
    </groups>
    <test started-at="2024-05-19T22:56:08 EDT" name="Default test" finished-at="2024-05-19T22:56:16 EDT" duration-ms="7795">
      <class name="krisshPortfolio.HomePageTests">
        <test-method is-config="true" signature="init()[pri:0, instance:krisshPortfolio.HomePageTests@3e58a80e]" started-at="2024-05-19T22:56:08 EDT" name="init" finished-at="2024-05-19T22:56:10 EDT" duration-ms="1669" status="PASS">
          <reporter-output>
          </reporter-output>
        </test-method> <!-- init -->
        <test-method signature="test1()[pri:0, instance:krisshPortfolio.HomePageTests@3e58a80e]" started-at="2024-05-19T22:56:10 EDT" name="test1" finished-at="2024-05-19T22:56:16 EDT" duration-ms="6003" status="PASS">
          <reporter-output>
          </reporter-output>
        </test-method> <!-- test1 -->
        <test-method is-config="true" signature="teardown()[pri:0, instance:krisshPortfolio.HomePageTests@3e58a80e]" started-at="2024-05-19T22:56:16 EDT" name="teardown" finished-at="2024-05-19T22:56:16 EDT" duration-ms="102" status="PASS">
          <reporter-output>
          </reporter-output>
        </test-method> <!-- teardown -->
      </class> <!-- krisshPortfolio.HomePageTests -->
    </test> <!-- Default test -->
  </suite> <!-- Default suite -->
</testng-results>
